<?xml version="1.0" encoding="UTF-8"?>
<testng-results ignored="0" total="4" passed="4" failed="0" skipped="0">
  <reporter-output>
  </reporter-output>
  <suite started-at="2023-09-30T16:33:47Z" name="Default suite" finished-at="2023-09-30T16:34:57Z" duration-ms="69926">
    <groups>
    </groups>
    <test started-at="2023-09-30T16:33:47Z" name="Default test" finished-at="2023-09-30T16:34:57Z" duration-ms="69926">
      <class name="practicaSel.NewTest">
        <test-method signature="TestChrome()[pri:0, instance:practicaSel.NewTest@432038ec]" started-at="2023-09-30T11:33:47Z" name="TestChrome" finished-at="2023-09-30T11:34:13Z" duration-ms="26575" status="PASS">
          <reporter-output>
          </reporter-output>
        </test-method> <!-- TestChrome -->
        <test-method signature="TestEdge()[pri:0, instance:practicaSel.NewTest@432038ec]" started-at="2023-09-30T11:34:13Z" name="TestEdge" finished-at="2023-09-30T11:34:47Z" duration-ms="34096" status="PASS">
          <reporter-output>
          </reporter-output>
        </test-method> <!-- TestEdge -->
        <test-method signature="TestFireFox()[pri:0, instance:practicaSel.NewTest@432038ec]" started-at="2023-09-30T11:34:47Z" name="TestFireFox" finished-at="2023-09-30T11:34:53Z" duration-ms="5506" status="PASS">
          <reporter-output>
          </reporter-output>
        </test-method> <!-- TestFireFox -->
        <test-method signature="TestSafari()[pri:0, instance:practicaSel.NewTest@432038ec]" started-at="2023-09-30T11:34:53Z" name="TestSafari" finished-at="2023-09-30T11:34:57Z" duration-ms="3672" status="PASS">
          <reporter-output>
          </reporter-output>
        </test-method> <!-- TestSafari -->
      </class> <!-- practicaSel.NewTest -->
    </test> <!-- Default test -->
  </suite> <!-- Default suite -->
</testng-results>
