<?xml version="1.0" encoding="UTF-8"?>
<testng-results ignored="0" total="1" passed="1" failed="0" skipped="0">
  <reporter-output>
  </reporter-output>
  <suite started-at="2023-10-12T11:09:48 CDT" name="Default suite" finished-at="2023-10-12T11:10:19 CDT" duration-ms="30845">
    <groups>
    </groups>
    <test started-at="2023-10-12T11:09:48 CDT" name="Default test" finished-at="2023-10-12T11:10:19 CDT" duration-ms="30845">
      <class name="com.bookflight.BookFlight">
        <test-method is-config="true" signature="beforeTest()[pri:0, instance:com.bookflight.BookFlight@209da20d]" started-at="2023-10-12T11:09:48 CDT" name="beforeTest" finished-at="2023-10-12T11:10:03 CDT" duration-ms="14673" status="PASS">
          <reporter-output>
          </reporter-output>
        </test-method> <!-- beforeTest -->
        <test-method signature="dd01()[pri:0, instance:com.bookflight.BookFlight@209da20d]" started-at="2023-10-12T11:10:03 CDT" name="dd01" finished-at="2023-10-12T11:10:19 CDT" duration-ms="15786" status="PASS">
          <reporter-output>
          </reporter-output>
        </test-method> <!-- dd01 -->
        <test-method is-config="true" signature="afterTest()[pri:0, instance:com.bookflight.BookFlight@209da20d]" started-at="2023-10-12T11:10:19 CDT" name="afterTest" finished-at="2023-10-12T11:10:19 CDT" duration-ms="271" status="PASS">
          <reporter-output>
          </reporter-output>
        </test-method> <!-- afterTest -->
      </class> <!-- com.bookflight.BookFlight -->
    </test> <!-- Default test -->
  </suite> <!-- Default suite -->
</testng-results>
