<?xml version="1.0" encoding="UTF-8"?>
<!-- Generated by org.testng.reporters.JUnitXMLReporter -->
<testsuite ignored="0" hostname="Salos-MacBook-Air.local" failures="0" tests="4" name="Default test" time="69.926" errors="0" timestamp="30 Sep 2023 16:34:57 GMT">
  <testcase classname="practicaSel.NewTest" name="TestChrome" time="26.575"/>
  <testcase classname="practicaSel.NewTest" name="TestEdge" time="34.096"/>
  <testcase classname="practicaSel.NewTest" name="TestFireFox" time="5.506"/>
  <testcase classname="practicaSel.NewTest" name="TestSafari" time="3.672"/>
</testsuite> <!-- Default test -->
