<?xml version="1.0" encoding="UTF-8"?>
<!-- Generated by org.testng.reporters.JUnitXMLReporter -->
<testsuite ignored="0" hostname="Salos-MacBook-Air.local" failures="0" tests="4" name="Default test" time="24.061" errors="0" timestamp="2023-10-18T10:00:43 CDT">
  <testcase classname="com.bookflight.BookFlight" name="dd01" time="0.424"/>
  <testcase classname="com.bookflight.BookFlight" name="dd02" time="1.725"/>
  <testcase classname="com.bookflight.BookFlight" name="dd03" time="1.336"/>
  <testcase classname="com.bookflight.BookFlight" name="dd04" time="2.651"/>
</testsuite> <!-- Default test -->
